Started by GitHub push by ac089545
Started by GitHub push by ac089545
Running as SYSTEM
Building remotely on facjenkinsw170 (JAVA NODE WINDOWS) in workspace c:/jenkins/workspace/DEVACDMY-354368
[WS-CLEANUP] Deleting project workspace...
[WS-CLEANUP] Deferred wipeout is used...
[WS-CLEANUP] Done
The recommended git tool is: NONE
No credentials specified
Cloning the remote Git repository
remote: Enumerating objects
remote: Counting objects
remote: Compressing objects
Receiving objects
Resolving deltas
Avoid second fetch
Checking out Revision e49df65ca5dfed90e15812baa92274bde88d31ce (refs/remotes/origin/DEVACDMY-35436)
Commit message: "modified"
Parsing POMs
Discovered a new module com.cerner.wh:result-copy result-copy
Discovered a new module com.cerner.wh:result-copy-service result-copy-service
Discovered a new module com.cerner.wh:result-copy-war result-copy-war Maven Webapp
Discovered a new module com.cerner.wh:result-copy-response result-copy-response
Modules changed, recalculating dependency graph
Established TCP socket on 56033
maven35-agent.jar already up to date
maven35-interceptor.jar already up to date
maven3-interceptor-commons.jar already up to date
[DEVACDMY-354368] $ c:/jenkins/tools/hudson.model.JDK/JDK8/bin/java -cp c:/jenkins/maven35-agent.jar;c:\jenkins\tools\hudson.tasks.Maven_MavenInstallation\Maven_3.8.1\boot\plexus-classworlds-2.6.0.jar;c:/jenkins/tools/hudson.tasks.Maven_MavenInstallation/Maven_3.8.1/conf/logging jenkins.maven3.agent.Maven35Main c:/jenkins/tools/hudson.tasks.Maven_MavenInstallation/Maven_3.8.1 C:\jenkins\slave.jar c:/jenkins/maven35-interceptor.jar c:/jenkins/maven3-interceptor-commons.jar 56033
<===[JENKINS REMOTING CAPACITY]===>channel started
Executing Maven:  -B -f c:/jenkins/workspace/DEVACDMY-354368/pom.xml clean install
[INFO] Scanning for projects...
[WARNING] 
[WARNING] Some problems were encountered while building the effective model for org.example:result-copy-rest:jar:1.0-SNAPSHOT
[WARNING] 'parent.relativePath' of POM org.example:result-copy-rest:1.0-SNAPSHOT (C:\jenkins\workspace\DEVACDMY-354368\result-copy-rest\pom.xml) points at com.cerner.wh:result-copy instead of org.example:Result-Copy-Reactor, please verify your project structure @ line 5, column 13
[WARNING] 
[WARNING] Some problems were encountered while building the effective model for com.cerner.wh:result-copy-service:jar:1.0-SNAPSHOT
[WARNING] 'dependencies.dependency.(groupId:artifactId:type:classifier)' must be unique: jakarta.ws.rs:jakarta.ws.rs-api:jar -> duplicate declaration of version ${jakarta.version} @ line 24, column 21
[WARNING] 
[WARNING] It is highly recommended to fix these problems because they threaten the stability of your build.
[WARNING] 
[WARNING] For this reason, future Maven versions might no longer support building such malformed projects.
[WARNING] 
[HUDSON] Collecting dependencies info
[HUDSON] Collecting dependencies info
[INFO] ------------------------------------------------------------------------
[INFO] Reactor Build Order:
[INFO] 
[INFO] result-copy-rest                                                   [jar]
[HUDSON] Collecting dependencies info
[HUDSON] Collecting dependencies info
[HUDSON] Collecting dependencies info
[INFO] result-copy                                                        [pom]
[INFO] result-copy-response                                               [jar]
[INFO] result-copy-service                                                [jar]
[INFO] result-copy-war Maven Webapp                                       [war]
[INFO] 
[INFO] --------------------< org.example:result-copy-rest >--------------------
[INFO] Building result-copy-rest 1.0-SNAPSHOT                             [1/5]
[INFO] --------------------------------[ jar ]---------------------------------
[INFO] 
[INFO] --- maven-clean-plugin:2.5:clean (default-clean) @ result-copy-rest ---
[INFO] 
[INFO] --- maven-resources-plugin:2.6:resources (default-resources) @ result-copy-rest ---
[WARNING] Using platform encoding (Cp1252 actually) to copy filtered resources, i.e. build is platform dependent!
[INFO] skip non existing resourceDirectory C:\jenkins\workspace\DEVACDMY-354368\result-copy-rest\src\main\resources
[INFO] 
[INFO] --- maven-compiler-plugin:3.1:compile (default-compile) @ result-copy-rest ---
[INFO] Changes detected - recompiling the module!
[WARNING] File encoding has not been set, using platform encoding Cp1252, i.e. build is platform dependent!
[INFO] Compiling 23 source files to C:\jenkins\workspace\DEVACDMY-354368\result-copy-rest\target\classes
[WARNING] /C:/jenkins/workspace/DEVACDMY-354368/result-copy-rest/src/main/java/com/resultcopy/rest/api/RFC3339DateFormat.java: C:\jenkins\workspace\DEVACDMY-354368\result-copy-rest\src\main\java\com\resultcopy\rest\api\RFC3339DateFormat.java uses or overrides a deprecated API.
[WARNING] /C:/jenkins/workspace/DEVACDMY-354368/result-copy-rest/src/main/java/com/resultcopy/rest/api/RFC3339DateFormat.java: Recompile with -Xlint:deprecation for details.
[INFO] 
[INFO] --- maven-resources-plugin:2.6:testResources (default-testResources) @ result-copy-rest ---
[WARNING] Using platform encoding (Cp1252 actually) to copy filtered resources, i.e. build is platform dependent!
[INFO] skip non existing resourceDirectory C:\jenkins\workspace\DEVACDMY-354368\result-copy-rest\src\test\resources
[INFO] 
[INFO] --- maven-compiler-plugin:3.1:testCompile (default-testCompile) @ result-copy-rest ---
[INFO] Changes detected - recompiling the module!
[WARNING] File encoding has not been set, using platform encoding Cp1252, i.e. build is platform dependent!
[INFO] Compiling 16 source files to C:\jenkins\workspace\DEVACDMY-354368\result-copy-rest\target\test-classes
[INFO] 
[INFO] --- maven-surefire-plugin:2.22.1:test (default-test) @ result-copy-rest ---
[INFO] 
[INFO] -------------------------------------------------------
[INFO]  T E S T S
[INFO] -------------------------------------------------------

 +-------------------------------------------------------------------------------+
 | WARNING:                                                                      |
 | The junit-platform-surefire-provider has been deprecated and is scheduled to  |
 | be removed in JUnit Platform 1.4. Please use the built-in support in Maven    |
 | Surefire >= 2.22.0 instead.                                                   |
 | » https://junit.org/junit5/docs/current/user-guide/#running-tests-build-maven |
 +-------------------------------------------------------------------------------+

[INFO] Running com.resultcopy.rest.api.ApiExceptionTest
[INFO] Tests run: 1, Failures: 0, Errors: 0, Skipped: 0, Time elapsed: 0.062 s - in com.resultcopy.rest.api.ApiExceptionTest
[INFO] Running com.resultcopy.rest.api.ApiResponseMessageTest
[INFO] Tests run: 12, Failures: 0, Errors: 0, Skipped: 0, Time elapsed: 0.001 s - in com.resultcopy.rest.api.ApiResponseMessageTest
[INFO] Running com.resultcopy.rest.api.impl.CopyResultsApiServiceImplTest
[ERROR] Tests run: 1, Failures: 0, Errors: 1, Skipped: 0, Time elapsed: 4.413 s <<< FAILURE! - in com.resultcopy.rest.api.impl.CopyResultsApiServiceImplTest
[ERROR] testCopyResultsPost  Time elapsed: 4.413 s  <<< ERROR!
java.lang.RuntimeException: Error connecting to the database
	at com.resultcopy.rest.api.impl.CopyResultsApiServiceImplTest.testCopyResultsPost(CopyResultsApiServiceImplTest.java:47)
Caused by: com.mysql.cj.jdbc.exceptions.CommunicationsException: 
Communications link failure

The last packet sent successfully to the server was 0 milliseconds ago. The driver has not received any packets from the server.
	at com.resultcopy.rest.api.impl.CopyResultsApiServiceImplTest.testCopyResultsPost(CopyResultsApiServiceImplTest.java:47)
Caused by: com.mysql.cj.exceptions.CJCommunicationsException: 
Communications link failure

The last packet sent successfully to the server was 0 milliseconds ago. The driver has not received any packets from the server.
	at com.resultcopy.rest.api.impl.CopyResultsApiServiceImplTest.testCopyResultsPost(CopyResultsApiServiceImplTest.java:47)
Caused by: java.net.ConnectException: Connection refused: connect
	at com.resultcopy.rest.api.impl.CopyResultsApiServiceImplTest.testCopyResultsPost(CopyResultsApiServiceImplTest.java:47)

[INFO] Running com.resultcopy.rest.api.NotFoundExceptionTest
[INFO] Tests run: 1, Failures: 0, Errors: 0, Skipped: 0, Time elapsed: 0.001 s - in com.resultcopy.rest.api.NotFoundExceptionTest
[INFO] Running com.resultcopy.rest.api.PatientResultsApiTest
[ERROR] Tests run: 1, Failures: 0, Errors: 1, Skipped: 0, Time elapsed: 6.081 s <<< FAILURE! - in com.resultcopy.rest.api.PatientResultsApiTest
[ERROR] testPatientResultsPatientId  Time elapsed: 6.081 s  <<< ERROR!
java.lang.RuntimeException: Error connecting to the database
	at com.resultcopy.rest.api.PatientResultsApiTest.testPatientResultsPatientId(PatientResultsApiTest.java:28)
Caused by: com.mysql.cj.jdbc.exceptions.CommunicationsException: 
Communications link failure

The last packet sent successfully to the server was 0 milliseconds ago. The driver has not received any packets from the server.
	at com.resultcopy.rest.api.PatientResultsApiTest.testPatientResultsPatientId(PatientResultsApiTest.java:28)
Caused by: com.mysql.cj.exceptions.CJCommunicationsException: 
Communications link failure

The last packet sent successfully to the server was 0 milliseconds ago. The driver has not received any packets from the server.
	at com.resultcopy.rest.api.PatientResultsApiTest.testPatientResultsPatientId(PatientResultsApiTest.java:28)
Caused by: java.net.ConnectException: Connection refused: connect
	at com.resultcopy.rest.api.PatientResultsApiTest.testPatientResultsPatientId(PatientResultsApiTest.java:28)

[INFO] Running com.resultcopy.rest.model.BabyResultTest
[INFO] Tests run: 7, Failures: 0, Errors: 0, Skipped: 0, Time elapsed: 0.001 s - in com.resultcopy.rest.model.BabyResultTest
[INFO] Running com.resultcopy.rest.model.CategoryPostResultTest
[INFO] Tests run: 7, Failures: 0, Errors: 0, Skipped: 0, Time elapsed: 0.021 s - in com.resultcopy.rest.model.CategoryPostResultTest
[INFO] Running com.resultcopy.rest.model.CategoryPostTest
[INFO] Tests run: 7, Failures: 0, Errors: 0, Skipped: 0, Time elapsed: 0 s - in com.resultcopy.rest.model.CategoryPostTest
[INFO] Running com.resultcopy.rest.model.CategoryTest
[INFO] Tests run: 10, Failures: 0, Errors: 0, Skipped: 0, Time elapsed: 0 s - in com.resultcopy.rest.model.CategoryTest
[INFO] Running com.resultcopy.rest.model.ChildTest
[INFO] Tests run: 6, Failures: 0, Errors: 0, Skipped: 0, Time elapsed: 0.001 s - in com.resultcopy.rest.model.ChildTest
[INFO] Running com.resultcopy.rest.model.PatientDetailsTest
[INFO] Tests run: 14, Failures: 0, Errors: 0, Skipped: 0, Time elapsed: 0.002 s - in com.resultcopy.rest.model.PatientDetailsTest
[INFO] Running com.resultcopy.rest.model.PatientResultTest
[INFO] Tests run: 10, Failures: 0, Errors: 0, Skipped: 0, Time elapsed: 0.001 s - in com.resultcopy.rest.model.PatientResultTest
[INFO] Running com.resultcopy.rest.model.PatientTest
[INFO] Tests run: 4, Failures: 0, Errors: 0, Skipped: 0, Time elapsed: 0.005 s - in com.resultcopy.rest.model.PatientTest
[INFO] Running com.resultcopy.rest.model.ResultTest
[INFO] Tests run: 10, Failures: 0, Errors: 0, Skipped: 0, Time elapsed: 0.042 s - in com.resultcopy.rest.model.ResultTest
[INFO] 
[INFO] Results:
[INFO] 
[ERROR] Errors: 
[ERROR]   PatientResultsApiTest.testPatientResultsPatientId:28 » Runtime Error connectin...
[ERROR]   CopyResultsApiServiceImplTest.testCopyResultsPost:47 » Runtime Error connectin...
[INFO] 
[ERROR] Tests run: 91, Failures: 0, Errors: 2, Skipped: 0
[INFO] 
[ERROR] There are test failures.

Please refer to C:\jenkins\workspace\DEVACDMY-354368\result-copy-rest\target\surefire-reports for the individual test results.
Please refer to dump files (if any exist) [date].dump, [date]-jvmRun[N].dump and [date].dumpstream.
[JENKINS] Recording test results
[INFO] 
[INFO] --- maven-jar-plugin:2.4:jar (default-jar) @ result-copy-rest ---
[INFO] Building jar: C:\jenkins\workspace\DEVACDMY-354368\result-copy-rest\target\result-copy-rest-1.0-SNAPSHOT.jar
[INFO] 
[INFO] --- maven-install-plugin:2.4:install (default-install) @ result-copy-rest ---
[INFO] Installing C:\jenkins\workspace\DEVACDMY-354368\result-copy-rest\target\result-copy-rest-1.0-SNAPSHOT.jar to C:\Windows\system32\config\systemprofile\.m2\repository\org\example\result-copy-rest\1.0-SNAPSHOT\result-copy-rest-1.0-SNAPSHOT.jar
[INFO] Installing C:\jenkins\workspace\DEVACDMY-354368\result-copy-rest\pom.xml to C:\Windows\system32\config\systemprofile\.m2\repository\org\example\result-copy-rest\1.0-SNAPSHOT\result-copy-rest-1.0-SNAPSHOT.pom
Started calculate disk usage of build
Finished Calculation of disk usage of build in 0 seconds
Started calculate disk usage of workspace
Finished Calculation of disk usage of workspace in 0 seconds
[INFO] 
[INFO] ---------------------< com.cerner.wh:result-copy >----------------------
[INFO] Building result-copy 1.0-SNAPSHOT                                  [2/5]
[INFO] --------------------------------[ pom ]---------------------------------
[INFO] 
[INFO] --- maven-clean-plugin:2.5:clean (default-clean) @ result-copy ---
[INFO] 
[INFO] --- maven-install-plugin:2.4:install (default-install) @ result-copy ---
[INFO] Installing c:\jenkins\workspace\DEVACDMY-354368\pom.xml to C:\Windows\system32\config\systemprofile\.m2\repository\com\cerner\wh\result-copy\1.0-SNAPSHOT\result-copy-1.0-SNAPSHOT.pom
Started calculate disk usage of build
Finished Calculation of disk usage of build in 0 seconds
Started calculate disk usage of workspace
Finished Calculation of disk usage of workspace in 0 seconds
[INFO] 
[INFO] -----------------< com.cerner.wh:result-copy-response >-----------------
[INFO] Building result-copy-response 1.0-SNAPSHOT                         [3/5]
[INFO] --------------------------------[ jar ]---------------------------------
[INFO] 
[INFO] --- maven-clean-plugin:2.5:clean (default-clean) @ result-copy-response ---
[INFO] 
[INFO] --- maven-resources-plugin:2.6:resources (default-resources) @ result-copy-response ---
[WARNING] Using platform encoding (Cp1252 actually) to copy filtered resources, i.e. build is platform dependent!
[INFO] skip non existing resourceDirectory C:\jenkins\workspace\DEVACDMY-354368\result-copy-response\src\main\resources
[INFO] 
[INFO] --- maven-compiler-plugin:3.1:compile (default-compile) @ result-copy-response ---
[INFO] Changes detected - recompiling the module!
[WARNING] File encoding has not been set, using platform encoding Cp1252, i.e. build is platform dependent!
[INFO] Compiling 11 source files to C:\jenkins\workspace\DEVACDMY-354368\result-copy-response\target\classes
[INFO] 
[INFO] --- maven-resources-plugin:2.6:testResources (default-testResources) @ result-copy-response ---
[WARNING] Using platform encoding (Cp1252 actually) to copy filtered resources, i.e. build is platform dependent!
[INFO] skip non existing resourceDirectory C:\jenkins\workspace\DEVACDMY-354368\result-copy-response\src\test\resources
[INFO] 
[INFO] --- maven-compiler-plugin:3.1:testCompile (default-testCompile) @ result-copy-response ---
[INFO] Changes detected - recompiling the module!
[WARNING] File encoding has not been set, using platform encoding Cp1252, i.e. build is platform dependent!
[INFO] Compiling 11 source files to C:\jenkins\workspace\DEVACDMY-354368\result-copy-response\target\test-classes
[INFO] 
[INFO] --- maven-surefire-plugin:2.22.1:test (default-test) @ result-copy-response ---
[INFO] 
[INFO] -------------------------------------------------------
[INFO]  T E S T S
[INFO] -------------------------------------------------------
[INFO] Running com.resultcopy.BabyRequestTest
[INFO] Tests run: 2, Failures: 0, Errors: 0, Skipped: 0, Time elapsed: 0.06 s - in com.resultcopy.BabyRequestTest
[INFO] Running com.resultcopy.BabyResultResponseTest
[INFO] Tests run: 5, Failures: 0, Errors: 0, Skipped: 0, Time elapsed: 0.011 s - in com.resultcopy.BabyResultResponseTest
[INFO] Running com.resultcopy.CategoryRequestTest
[INFO] Tests run: 2, Failures: 0, Errors: 0, Skipped: 0, Time elapsed: 0 s - in com.resultcopy.CategoryRequestTest
[INFO] Running com.resultcopy.CategoryResponseTest
[INFO] Tests run: 3, Failures: 0, Errors: 0, Skipped: 0, Time elapsed: 0.007 s - in com.resultcopy.CategoryResponseTest
[INFO] Running com.resultcopy.ChildResponseTest
[INFO] Tests run: 2, Failures: 0, Errors: 0, Skipped: 0, Time elapsed: 0.004 s - in com.resultcopy.ChildResponseTest
[INFO] Running com.resultcopy.ChildResultResponseTest
[INFO] Tests run: 3, Failures: 0, Errors: 0, Skipped: 0, Time elapsed: 0 s - in com.resultcopy.ChildResultResponseTest
[INFO] Running com.resultcopy.PatientDetailsResponseTest
[INFO] Tests run: 6, Failures: 0, Errors: 0, Skipped: 0, Time elapsed: 0.003 s - in com.resultcopy.PatientDetailsResponseTest
[INFO] Running com.resultcopy.PatientResponseTest
[INFO] Tests run: 1, Failures: 0, Errors: 0, Skipped: 0, Time elapsed: 0.004 s - in com.resultcopy.PatientResponseTest
[INFO] Running com.resultcopy.PatientResultResponseTest
[INFO] Tests run: 3, Failures: 0, Errors: 0, Skipped: 0, Time elapsed: 0.02 s - in com.resultcopy.PatientResultResponseTest
[INFO] Running com.resultcopy.ResultRequestTest
[INFO] Tests run: 2, Failures: 0, Errors: 0, Skipped: 0, Time elapsed: 0.001 s - in com.resultcopy.ResultRequestTest
[INFO] Running com.resultcopy.ResultResponseTest
[INFO] Tests run: 1, Failures: 0, Errors: 0, Skipped: 0, Time elapsed: 0.001 s - in com.resultcopy.ResultResponseTest
[INFO] 
[INFO] Results:
[INFO] 
[INFO] Tests run: 30, Failures: 0, Errors: 0, Skipped: 0
[INFO] 
[JENKINS] Recording test results
[INFO] 
[INFO] --- maven-jar-plugin:2.4:jar (default-jar) @ result-copy-response ---
[INFO] Building jar: C:\jenkins\workspace\DEVACDMY-354368\result-copy-response\target\result-copy-response-1.0-SNAPSHOT.jar
[INFO] 
[INFO] --- maven-install-plugin:2.4:install (default-install) @ result-copy-response ---
[INFO] Installing C:\jenkins\workspace\DEVACDMY-354368\result-copy-response\target\result-copy-response-1.0-SNAPSHOT.jar to C:\Windows\system32\config\systemprofile\.m2\repository\com\cerner\wh\result-copy-response\1.0-SNAPSHOT\result-copy-response-1.0-SNAPSHOT.jar
[INFO] Installing C:\jenkins\workspace\DEVACDMY-354368\result-copy-response\pom.xml to C:\Windows\system32\config\systemprofile\.m2\repository\com\cerner\wh\result-copy-response\1.0-SNAPSHOT\result-copy-response-1.0-SNAPSHOT.pom
Started calculate disk usage of build
Finished Calculation of disk usage of build in 0 seconds
Started calculate disk usage of workspace
Finished Calculation of disk usage of workspace in 0 seconds
[INFO] 
[INFO] -----------------< com.cerner.wh:result-copy-service >------------------
[INFO] Building result-copy-service 1.0-SNAPSHOT                          [4/5]
[INFO] --------------------------------[ jar ]---------------------------------
[INFO] 
[INFO] --- maven-clean-plugin:2.5:clean (default-clean) @ result-copy-service ---
[INFO] 
[INFO] --- maven-resources-plugin:2.6:resources (default-resources) @ result-copy-service ---
[WARNING] Using platform encoding (Cp1252 actually) to copy filtered resources, i.e. build is platform dependent!
[INFO] skip non existing resourceDirectory C:\jenkins\workspace\DEVACDMY-354368\result-copy-service\src\main\resources
[INFO] 
[INFO] --- maven-compiler-plugin:3.1:compile (default-compile) @ result-copy-service ---
[INFO] Changes detected - recompiling the module!
[WARNING] File encoding has not been set, using platform encoding Cp1252, i.e. build is platform dependent!
[INFO] Compiling 12 source files to C:\jenkins\workspace\DEVACDMY-354368\result-copy-service\target\classes
[INFO] 
[INFO] --- maven-resources-plugin:2.6:testResources (default-testResources) @ result-copy-service ---
[WARNING] Using platform encoding (Cp1252 actually) to copy filtered resources, i.e. build is platform dependent!
[INFO] skip non existing resourceDirectory C:\jenkins\workspace\DEVACDMY-354368\result-copy-service\src\test\resources
[INFO] 
[INFO] --- maven-compiler-plugin:3.1:testCompile (default-testCompile) @ result-copy-service ---
[INFO] Changes detected - recompiling the module!
[WARNING] File encoding has not been set, using platform encoding Cp1252, i.e. build is platform dependent!
[INFO] Compiling 6 source files to C:\jenkins\workspace\DEVACDMY-354368\result-copy-service\target\test-classes
[INFO] 
[INFO] --- maven-surefire-plugin:2.22.1:test (default-test) @ result-copy-service ---
[INFO] 
[INFO] -------------------------------------------------------
[INFO]  T E S T S
[INFO] -------------------------------------------------------
[INFO] Running com.resultcopy.service.impl.BabyResultDAOImplTest
[ERROR] Tests run: 5, Failures: 0, Errors: 1, Skipped: 0, Time elapsed: 4.772 s <<< FAILURE! - in com.resultcopy.service.impl.BabyResultDAOImplTest
[ERROR] testMockStaticMethods  Time elapsed: 4.362 s  <<< ERROR!
java.lang.RuntimeException: Error connecting to the database
	at com.resultcopy.service.impl.BabyResultDAOImplTest.testMockStaticMethods(BabyResultDAOImplTest.java:117)
Caused by: com.mysql.cj.jdbc.exceptions.CommunicationsException: 
Communications link failure

The last packet sent successfully to the server was 0 milliseconds ago. The driver has not received any packets from the server.
	at com.resultcopy.service.impl.BabyResultDAOImplTest.testMockStaticMethods(BabyResultDAOImplTest.java:117)
Caused by: com.mysql.cj.exceptions.CJCommunicationsException: 
Communications link failure

The last packet sent successfully to the server was 0 milliseconds ago. The driver has not received any packets from the server.
	at com.resultcopy.service.impl.BabyResultDAOImplTest.testMockStaticMethods(BabyResultDAOImplTest.java:117)
Caused by: java.net.ConnectException: Connection refused: connect
	at com.resultcopy.service.impl.BabyResultDAOImplTest.testMockStaticMethods(BabyResultDAOImplTest.java:117)

[INFO] Running com.resultcopy.service.impl.CategoryDAOImplTest
[ERROR] Tests run: 3, Failures: 0, Errors: 1, Skipped: 0, Time elapsed: 6.035 s <<< FAILURE! - in com.resultcopy.service.impl.CategoryDAOImplTest
[ERROR] testConstructor  Time elapsed: 6.021 s  <<< ERROR!
java.lang.RuntimeException: Error connecting to the database
	at com.resultcopy.service.impl.CategoryDAOImplTest.testConstructor(CategoryDAOImplTest.java:72)
Caused by: com.mysql.cj.jdbc.exceptions.CommunicationsException: 
Communications link failure

The last packet sent successfully to the server was 0 milliseconds ago. The driver has not received any packets from the server.
	at com.resultcopy.service.impl.CategoryDAOImplTest.testConstructor(CategoryDAOImplTest.java:72)
Caused by: com.mysql.cj.exceptions.CJCommunicationsException: 
Communications link failure

The last packet sent successfully to the server was 0 milliseconds ago. The driver has not received any packets from the server.
	at com.resultcopy.service.impl.CategoryDAOImplTest.testConstructor(CategoryDAOImplTest.java:72)
Caused by: java.net.ConnectException: Connection refused: connect
	at com.resultcopy.service.impl.CategoryDAOImplTest.testConstructor(CategoryDAOImplTest.java:72)

[INFO] Running com.resultcopy.service.impl.ChildDAOImplTest
[ERROR] Tests run: 3, Failures: 0, Errors: 1, Skipped: 0, Time elapsed: 8.001 s <<< FAILURE! - in com.resultcopy.service.impl.ChildDAOImplTest
[ERROR] testConstructor  Time elapsed: 8 s  <<< ERROR!
java.lang.RuntimeException: Error connecting to the database
	at com.resultcopy.service.impl.ChildDAOImplTest.testConstructor(ChildDAOImplTest.java:76)
Caused by: com.mysql.cj.jdbc.exceptions.CommunicationsException: 
Communications link failure

The last packet sent successfully to the server was 0 milliseconds ago. The driver has not received any packets from the server.
	at com.resultcopy.service.impl.ChildDAOImplTest.testConstructor(ChildDAOImplTest.java:76)
Caused by: com.mysql.cj.exceptions.CJCommunicationsException: 
Communications link failure

The last packet sent successfully to the server was 0 milliseconds ago. The driver has not received any packets from the server.
	at com.resultcopy.service.impl.ChildDAOImplTest.testConstructor(ChildDAOImplTest.java:76)
Caused by: java.net.ConnectException: Connection refused: connect
	at com.resultcopy.service.impl.ChildDAOImplTest.testConstructor(ChildDAOImplTest.java:76)

[INFO] Running com.resultcopy.service.impl.PatientDAOImplTest
[ERROR] Tests run: 3, Failures: 0, Errors: 1, Skipped: 0, Time elapsed: 10.051 s <<< FAILURE! - in com.resultcopy.service.impl.PatientDAOImplTest
[ERROR] testConstructor  Time elapsed: 10.05 s  <<< ERROR!
java.lang.RuntimeException: Error connecting to the database
	at com.resultcopy.service.impl.PatientDAOImplTest.testConstructor(PatientDAOImplTest.java:75)
Caused by: com.mysql.cj.jdbc.exceptions.CommunicationsException: 
Communications link failure

The last packet sent successfully to the server was 0 milliseconds ago. The driver has not received any packets from the server.
	at com.resultcopy.service.impl.PatientDAOImplTest.testConstructor(PatientDAOImplTest.java:75)
Caused by: com.mysql.cj.exceptions.CJCommunicationsException: 
Communications link failure

The last packet sent successfully to the server was 0 milliseconds ago. The driver has not received any packets from the server.
	at com.resultcopy.service.impl.PatientDAOImplTest.testConstructor(PatientDAOImplTest.java:75)
Caused by: java.net.ConnectException: Connection refused: connect
	at com.resultcopy.service.impl.PatientDAOImplTest.testConstructor(PatientDAOImplTest.java:75)

[INFO] Running com.resultcopy.service.impl.ResultDAOImplTest
[ERROR] Tests run: 5, Failures: 0, Errors: 1, Skipped: 0, Time elapsed: 12.042 s <<< FAILURE! - in com.resultcopy.service.impl.ResultDAOImplTest
[ERROR] testConstructor  Time elapsed: 12.04 s  <<< ERROR!
java.lang.RuntimeException: Error connecting to the database
	at com.resultcopy.service.impl.ResultDAOImplTest.testConstructor(ResultDAOImplTest.java:81)
Caused by: com.mysql.cj.jdbc.exceptions.CommunicationsException: 
Communications link failure

The last packet sent successfully to the server was 0 milliseconds ago. The driver has not received any packets from the server.
	at com.resultcopy.service.impl.ResultDAOImplTest.testConstructor(ResultDAOImplTest.java:81)
Caused by: com.mysql.cj.exceptions.CJCommunicationsException: 
Communications link failure

The last packet sent successfully to the server was 0 milliseconds ago. The driver has not received any packets from the server.
	at com.resultcopy.service.impl.ResultDAOImplTest.testConstructor(ResultDAOImplTest.java:81)
Caused by: java.net.ConnectException: Connection refused: connect
	at com.resultcopy.service.impl.ResultDAOImplTest.testConstructor(ResultDAOImplTest.java:81)

[INFO] Running com.resultcopy.service.serviceimpl.PatientServiceImplTest
[INFO] Tests run: 1, Failures: 0, Errors: 0, Skipped: 0, Time elapsed: 0.018 s - in com.resultcopy.service.serviceimpl.PatientServiceImplTest
[INFO] 
[INFO] Results:
[INFO] 
[ERROR] Errors: 
[ERROR]   BabyResultDAOImplTest.testMockStaticMethods:117 » Runtime Error connecting to ...
[ERROR]   CategoryDAOImplTest.testConstructor:72 » Runtime Error connecting to the datab...
[ERROR]   ChildDAOImplTest.testConstructor:76 » Runtime Error connecting to the database
[ERROR]   PatientDAOImplTest.testConstructor:75 » Runtime Error connecting to the databa...
[ERROR]   ResultDAOImplTest.testConstructor:81 » Runtime Error connecting to the databas...
[INFO] 
[ERROR] Tests run: 20, Failures: 0, Errors: 5, Skipped: 0
[INFO] 
[ERROR] There are test failures.

Please refer to C:\jenkins\workspace\DEVACDMY-354368\result-copy-service\target\surefire-reports for the individual test results.
Please refer to dump files (if any exist) [date].dump, [date]-jvmRun[N].dump and [date].dumpstream.
[JENKINS] Recording test results
[INFO] 
[INFO] --- maven-jar-plugin:2.4:jar (default-jar) @ result-copy-service ---
[INFO] Building jar: C:\jenkins\workspace\DEVACDMY-354368\result-copy-service\target\result-copy-service-1.0-SNAPSHOT.jar
[INFO] 
[INFO] --- maven-install-plugin:2.4:install (default-install) @ result-copy-service ---
[INFO] Installing C:\jenkins\workspace\DEVACDMY-354368\result-copy-service\target\result-copy-service-1.0-SNAPSHOT.jar to C:\Windows\system32\config\systemprofile\.m2\repository\com\cerner\wh\result-copy-service\1.0-SNAPSHOT\result-copy-service-1.0-SNAPSHOT.jar
[INFO] Installing C:\jenkins\workspace\DEVACDMY-354368\result-copy-service\pom.xml to C:\Windows\system32\config\systemprofile\.m2\repository\com\cerner\wh\result-copy-service\1.0-SNAPSHOT\result-copy-service-1.0-SNAPSHOT.pom
Started calculate disk usage of build
Finished Calculation of disk usage of build in 0 seconds
Started calculate disk usage of workspace
Finished Calculation of disk usage of workspace in 0 seconds
[INFO] 
[INFO] -------------------< com.cerner.wh:result-copy-war >--------------------
[INFO] Building result-copy-war Maven Webapp 1.0-SNAPSHOT                 [5/5]
[INFO] --------------------------------[ war ]---------------------------------
[INFO] 
[INFO] --- maven-clean-plugin:3.1.0:clean (default-clean) @ result-copy-war ---
[INFO] 
[INFO] --- maven-resources-plugin:3.0.2:resources (default-resources) @ result-copy-war ---
[INFO] Using 'UTF-8' encoding to copy filtered resources.
[INFO] skip non existing resourceDirectory C:\jenkins\workspace\DEVACDMY-354368\result-copy-war\src\main\resources
[INFO] 
[INFO] --- maven-compiler-plugin:3.8.0:compile (default-compile) @ result-copy-war ---
[INFO] No sources to compile
[INFO] 
[INFO] --- maven-resources-plugin:3.0.2:testResources (default-testResources) @ result-copy-war ---
[INFO] Using 'UTF-8' encoding to copy filtered resources.
[INFO] skip non existing resourceDirectory C:\jenkins\workspace\DEVACDMY-354368\result-copy-war\src\test\resources
[INFO] 
[INFO] --- maven-compiler-plugin:3.8.0:testCompile (default-testCompile) @ result-copy-war ---
[INFO] No sources to compile
[INFO] 
[INFO] --- maven-surefire-plugin:2.22.1:test (default-test) @ result-copy-war ---
[INFO] No tests to run.
[JENKINS] Recording test results
[INFO] 
[INFO] --- maven-war-plugin:3.2.2:war (default-war) @ result-copy-war ---
[INFO] Packaging webapp
[INFO] Assembling webapp [result-copy-war] in [C:\jenkins\workspace\DEVACDMY-354368\result-copy-war\target\result-copy-war]
[INFO] Processing war project
[INFO] Copying webapp resources [C:\jenkins\workspace\DEVACDMY-354368\result-copy-war\src\main\webapp]
[INFO] Webapp assembled in [448 msecs]
[INFO] Building war: C:\jenkins\workspace\DEVACDMY-354368\result-copy-war\target\result-copy-war.war
[INFO] 
[INFO] --- maven-install-plugin:2.5.2:install (default-install) @ result-copy-war ---
[INFO] Installing C:\jenkins\workspace\DEVACDMY-354368\result-copy-war\target\result-copy-war.war to C:\Windows\system32\config\systemprofile\.m2\repository\com\cerner\wh\result-copy-war\1.0-SNAPSHOT\result-copy-war-1.0-SNAPSHOT.war
[INFO] Installing C:\jenkins\workspace\DEVACDMY-354368\result-copy-war\pom.xml to C:\Windows\system32\config\systemprofile\.m2\repository\com\cerner\wh\result-copy-war\1.0-SNAPSHOT\result-copy-war-1.0-SNAPSHOT.pom
Started calculate disk usage of build
Finished Calculation of disk usage of build in 0 seconds
Started calculate disk usage of workspace
Finished Calculation of disk usage of workspace in 0 seconds
[INFO] ------------------------------------------------------------------------
[INFO] Reactor Summary for result-copy 1.0-SNAPSHOT:
[INFO] 
[INFO] result-copy-rest ................................... SUCCESS [ 23.818 s]
[INFO] result-copy ........................................ SUCCESS [  0.060 s]
[INFO] result-copy-response ............................... SUCCESS [  7.240 s]
[INFO] result-copy-service ................................ SUCCESS [ 48.216 s]
[INFO] result-copy-war Maven Webapp ....................... SUCCESS [  2.849 s]
[INFO] ------------------------------------------------------------------------
[INFO] BUILD SUCCESS
[INFO] ------------------------------------------------------------------------
[INFO] Total time:  01:23 min
[INFO] Finished at: 2021-07-07T12:59:53-05:00
[INFO] ------------------------------------------------------------------------
Waiting for Jenkins to finish collecting data
[JENKINS] Archiving C:\jenkins\workspace\DEVACDMY-354368\result-copy-rest\pom.xml to org.example/result-copy-rest/1.0-SNAPSHOT/result-copy-rest-1.0-SNAPSHOT.pom
[JENKINS] Archiving C:\jenkins\workspace\DEVACDMY-354368\result-copy-rest\target\result-copy-rest-1.0-SNAPSHOT.jar to org.example/result-copy-rest/1.0-SNAPSHOT/result-copy-rest-1.0-SNAPSHOT.jar
[JENKINS] Archiving C:\jenkins\workspace\DEVACDMY-354368\result-copy-service\pom.xml to com.cerner.wh/result-copy-service/1.0-SNAPSHOT/result-copy-service-1.0-SNAPSHOT.pom
[JENKINS] Archiving C:\jenkins\workspace\DEVACDMY-354368\result-copy-service\target\result-copy-service-1.0-SNAPSHOT.jar to com.cerner.wh/result-copy-service/1.0-SNAPSHOT/result-copy-service-1.0-SNAPSHOT.jar
[JENKINS] Archiving C:\jenkins\workspace\DEVACDMY-354368\result-copy-war\pom.xml to com.cerner.wh/result-copy-war/1.0-SNAPSHOT/result-copy-war-1.0-SNAPSHOT.pom
[JENKINS] Archiving C:\jenkins\workspace\DEVACDMY-354368\result-copy-war\target\result-copy-war.war to com.cerner.wh/result-copy-war/1.0-SNAPSHOT/result-copy-war-1.0-SNAPSHOT.war
[JENKINS] Archiving c:\jenkins\workspace\DEVACDMY-354368\pom.xml to com.cerner.wh/result-copy/1.0-SNAPSHOT/result-copy-1.0-SNAPSHOT.pom
[JENKINS] Archiving C:\jenkins\workspace\DEVACDMY-354368\result-copy-response\pom.xml to com.cerner.wh/result-copy-response/1.0-SNAPSHOT/result-copy-response-1.0-SNAPSHOT.pom
[JENKINS] Archiving C:\jenkins\workspace\DEVACDMY-354368\result-copy-response\target\result-copy-response-1.0-SNAPSHOT.jar to com.cerner.wh/result-copy-response/1.0-SNAPSHOT/result-copy-response-1.0-SNAPSHOT.jar
channel stopped
Started calculate disk usage of build
Finished Calculation of disk usage of build in 0 seconds
Started calculate disk usage of workspace
Finished Calculation of disk usage of workspace in 0 seconds
Finished: UNSTABLE